mode: set
backend/internal/config/config.go:38.26,57.2 1 1
backend/internal/config/config.go:60.42,61.42 1 1
backend/internal/config/config.go:61.42,63.3 1 1
backend/internal/config/config.go:64.2,64.17 1 1
backend/internal/config/config.go:68.52,75.2 1 1
backend/internal/handlers/handlers.go:43.80,48.2 1 1
backend/internal/handlers/handlers.go:51.49,53.47 2 1
backend/internal/handlers/handlers.go:53.47,56.3 2 1
backend/internal/handlers/handlers.go:58.2,58.74 1 1
backend/internal/handlers/handlers.go:58.74,59.48 1 1
backend/internal/handlers/handlers.go:59.48,62.4 2 0
backend/internal/handlers/handlers.go:63.3,64.9 2 1
backend/internal/handlers/handlers.go:67.2,67.75 1 1
backend/internal/handlers/handlers.go:71.42,73.47 2 1
backend/internal/handlers/handlers.go:73.47,76.3 2 1
backend/internal/handlers/handlers.go:78.2,78.76 1 1
backend/internal/handlers/handlers.go:78.76,79.49 1 1
backend/internal/handlers/handlers.go:79.49,82.4 2 1
backend/internal/handlers/handlers.go:83.3,84.9 2 0
backend/internal/handlers/handlers.go:87.2,88.16 2 1
backend/internal/handlers/handlers.go:88.16,91.3 2 0
backend/internal/handlers/handlers.go:93.2,93.31 1 1
backend/internal/handlers/handlers.go:97.49,99.47 2 1
backend/internal/handlers/handlers.go:99.47,102.3 2 0
backend/internal/handlers/handlers.go:104.2,105.16 2 1
backend/internal/handlers/handlers.go:105.16,108.3 2 1
backend/internal/handlers/handlers.go:111.2,111.56 1 0
backend/internal/handlers/handlers.go:111.56,112.43 1 0
backend/internal/handlers/handlers.go:112.43,115.4 2 0
backend/internal/handlers/handlers.go:116.3,117.9 2 0
backend/internal/handlers/handlers.go:121.2,122.16 2 0
backend/internal/handlers/handlers.go:122.16,125.3 2 0
backend/internal/handlers/handlers.go:127.2,127.49 1 0
backend/internal/jwt/jwt.go:29.49,33.2 1 1
backend/internal/jwt/jwt.go:36.85,42.2 2 1
backend/internal/jwt/jwt.go:45.75,47.16 2 1
backend/internal/jwt/jwt.go:47.16,49.3 1 0
backend/internal/jwt/jwt.go:51.2,52.16 2 1
backend/internal/jwt/jwt.go:52.16,54.3 1 0
backend/internal/jwt/jwt.go:56.2,59.8 1 1
backend/internal/jwt/jwt.go:63.69,64.83 1 1
backend/internal/jwt/jwt.go:64.83,66.3 1 1
backend/internal/jwt/jwt.go:68.2,68.32 1 1
backend/internal/jwt/jwt.go:68.32,70.3 1 1
backend/internal/jwt/jwt.go:72.2,73.9 2 1
backend/internal/jwt/jwt.go:73.9,75.3 1 0
backend/internal/jwt/jwt.go:77.2,78.9 2 1
backend/internal/jwt/jwt.go:78.9,80.3 1 0
backend/internal/jwt/jwt.go:82.2,82.19 1 1
backend/internal/jwt/jwt.go:86.58,88.2 1 1
backend/internal/migrations/migrations.go:27.77,30.16 2 1
backend/internal/migrations/migrations.go:30.16,32.3 1 0
backend/internal/migrations/migrations.go:35.2,36.16 2 1
backend/internal/migrations/migrations.go:36.16,38.3 1 1
backend/internal/migrations/migrations.go:41.2,46.16 2 0
backend/internal/migrations/migrations.go:46.16,48.3 1 0
backend/internal/migrations/migrations.go:50.2,52.8 1 0
backend/internal/migrations/migrations.go:56.30,58.56 2 0
backend/internal/migrations/migrations.go:58.56,60.3 1 0
backend/internal/migrations/migrations.go:62.2,62.41 1 0
backend/internal/migrations/migrations.go:62.41,64.3 1 0
backend/internal/migrations/migrations.go:64.8,66.3 1 0
backend/internal/migrations/migrations.go:68.2,68.12 1 0
backend/internal/migrations/migrations.go:72.32,74.56 2 0
backend/internal/migrations/migrations.go:74.56,76.3 1 0
backend/internal/migrations/migrations.go:78.2,78.41 1 0
backend/internal/migrations/migrations.go:78.41,80.3 1 0
backend/internal/migrations/migrations.go:80.8,82.3 1 0
backend/internal/migrations/migrations.go:84.2,84.12 1 0
backend/internal/migrations/migrations.go:88.49,90.2 1 0
backend/internal/migrations/migrations.go:93.33,95.22 2 0
backend/internal/migrations/migrations.go:95.22,97.3 1 0
backend/internal/migrations/migrations.go:98.2,98.14 1 0
backend/internal/database/database.go:29.73,31.16 2 0
backend/internal/database/database.go:31.16,33.3 1 0
backend/internal/database/database.go:38.2,39.40 1 0
backend/internal/database/database.go:39.40,42.4 2 0
backend/internal/database/database.go:43.43,45.18 2 0
backend/internal/database/database.go:45.18,47.5 1 0
backend/internal/database/database.go:48.4,49.24 2 0
backend/internal/database/database.go:53.2,53.16 1 0
backend/internal/server/server.go:27.90,39.2 6 0
backend/internal/server/server.go:39.2,43.3 3 0
backend/internal/server/server.go:45.2,51.44 2 0
backend/internal/server/server.go:51.44,53.14 2 0
backend/internal/server/server.go:53.14,54.96 1 0
backend/internal/server/server.go:54.96,56.6 1 0
backend/internal/server/server.go:58.4,58.14 1 0
backend/internal/server/server.go:60.43,63.4 2 0
backend/internal/server/server.go:66.2,66.15 1 0
backend/internal/server/server.go:70.42,72.2 1 0
backend/main.go:17.13,30.35 1 0
backend/main.go:30.35,32.46 1 0
backend/main.go:32.46,35.6 2 0
backend/main.go:36.45,39.6 2 0
backend/main.go:44.2,44.11 1 0
backend/internal/user/user.go:32.43,36.2 1 1
backend/internal/user/user.go:39.60,45.48 2 1
backend/internal/user/user.go:45.48,47.44 1 1
backend/internal/user/user.go:47.44,49.4 1 0
backend/internal/user/user.go:50.3,50.13 1 1
backend/internal/user/user.go:53.2,53.12 1 1
backend/internal/user/user.go:57.62,60.68 2 1
backend/internal/user/user.go:60.68,61.45 1 1
backend/internal/user/user.go:61.45,63.4 1 1
backend/internal/user/user.go:64.3,64.13 1 0
backend/internal/user/user.go:67.2,67.31 1 1
backend/internal/user/user.go:67.31,69.3 1 1
backend/internal/user/user.go:71.2,71.12 1 1
backend/internal/user/user.go:75.65,78.68 2 1
backend/internal/user/user.go:78.68,79.45 1 1
backend/internal/user/user.go:79.45,81.4 1 1
backend/internal/user/user.go:82.3,82.18 1 0
backend/internal/user/user.go:85.2,85.19 1 1
